The system is: Windows - 10.0.19045 - AMD64
Compiling the C compiler identification source file "CMakeCCompilerId.c" succeeded.
Compiler:  
Build flags: 
Id flags:  

The output was:
0
Microsoft (R) Build Engine version 16.11.2+f32259642 pour .NET Framework
Copyright (C) Microsoft Corporation. Tous droits réservés.

La génération a démarré 20/05/2023 15:30:22.
Projet "C:\Users\mateo\Documents\GMEM Project\GMU\source\build\CMakeFiles\3.24.2\CompilerIdC\CompilerIdC.vcxproj" sur le noud 1 (cibles par défaut).
PrepareForBuild:
  Création du répertoire "Debug\".
  Création du répertoire "Debug\CompilerIdC.tlog\".
InitializeBuildStatus:
  Création de "Debug\CompilerIdC.tlog\unsuccessfulbuild", car "AlwaysCreate" a été spécifié.
ClCompile:
  C:\Program Files (x86)\Microsoft Visual Studio\2019\Community\VC\Tools\MSVC\14.29.30133\bin\HostX64\x64\CL.exe /c /nologo /W0 /WX- /diagnostics:column /Od /D _MBCS /Gm- /EHsc /RTC1 /MDd /GS /fp:precise /Zc:wchar_t /Zc:forScope /Zc:inline /Fo"Debug\\" /Fd"Debug\vc142.pdb" /external:W0 /Gd /TC /FC /errorReport:queue CMakeCCompilerId.c
  CMakeCCompilerId.c
Link:
  C:\Program Files (x86)\Microsoft Visual Studio\2019\Community\VC\Tools\MSVC\14.29.30133\bin\HostX64\x64\link.exe /ERRORREPORT:QUEUE /OUT:".\CompilerIdC.exe" /INCREMENTAL:NO /NOLOGO kernel32.lib user32.lib gdi32.lib winspool.lib comdlg32.lib advapi32.lib shell32.lib ole32.lib oleaut32.lib uuid.lib odbc32.lib odbccp32.lib /MANIFEST /MANIFESTUAC:"level='asInvoker' uiAccess='false'" /manifest:embed /PDB:".\CompilerIdC.pdb" /SUBSYSTEM:CONSOLE /TLBID:1 /DYNAMICBASE /NXCOMPAT /IMPLIB:".\CompilerIdC.lib" /MACHINE:X64 Debug\CMakeCCompilerId.obj
  CompilerIdC.vcxproj -> C:\Users\mateo\Documents\GMEM Project\GMU\source\build\CMakeFiles\3.24.2\CompilerIdC\CompilerIdC.exe
PostBuildEvent:
  for %%i in (cl.exe) do @echo CMAKE_C_COMPILER=%%~$PATH:i
  :VCEnd
  CMAKE_C_COMPILER=C:\Program Files (x86)\Microsoft Visual Studio\2019\Community\VC\Tools\MSVC\14.29.30133\bin\Hostx64\x64\cl.exe
FinalizeBuildStatus:
  Suppression du fichier "Debug\CompilerIdC.tlog\unsuccessfulbuild".
  Mise à jour de l'horodatage "Debug\CompilerIdC.tlog\CompilerIdC.lastbuildstate".
Génération du projet "C:\Users\mateo\Documents\GMEM Project\GMU\source\build\CMakeFiles\3.24.2\CompilerIdC\CompilerIdC.vcxproj" terminée (cibles par défaut).

La génération a réussi.
    0 Avertissement(s)
    0 Erreur(s)

Temps écoulé 00:00:00.78


Compilation of the C compiler identification source "CMakeCCompilerId.c" produced "CompilerIdC.exe"

Compilation of the C compiler identification source "CMakeCCompilerId.c" produced "CompilerIdC.vcxproj"

The C compiler identification is MSVC, found in "C:/Users/mateo/Documents/GMEM Project/GMU/source/build/CMakeFiles/3.24.2/CompilerIdC/CompilerIdC.exe"

Compiling the CXX compiler identification source file "CMakeCXXCompilerId.cpp" succeeded.
Compiler:  
Build flags: 
Id flags:  

The output was:
0
Microsoft (R) Build Engine version 16.11.2+f32259642 pour .NET Framework
Copyright (C) Microsoft Corporation. Tous droits réservés.

La génération a démarré 20/05/2023 15:30:23.
Projet "C:\Users\mateo\Documents\GMEM Project\GMU\source\build\CMakeFiles\3.24.2\CompilerIdCXX\CompilerIdCXX.vcxproj" sur le noud 1 (cibles par défaut).
PrepareForBuild:
  Création du répertoire "Debug\".
  Création du répertoire "Debug\CompilerIdCXX.tlog\".
InitializeBuildStatus:
  Création de "Debug\CompilerIdCXX.tlog\unsuccessfulbuild", car "AlwaysCreate" a été spécifié.
ClCompile:
  C:\Program Files (x86)\Microsoft Visual Studio\2019\Community\VC\Tools\MSVC\14.29.30133\bin\HostX64\x64\CL.exe /c /nologo /W0 /WX- /diagnostics:column /Od /D _MBCS /Gm- /EHsc /RTC1 /MDd /GS /fp:precise /Zc:wchar_t /Zc:forScope /Zc:inline /Fo"Debug\\" /Fd"Debug\vc142.pdb" /external:W0 /Gd /TP /FC /errorReport:queue CMakeCXXCompilerId.cpp
  CMakeCXXCompilerId.cpp
Link:
  C:\Program Files (x86)\Microsoft Visual Studio\2019\Community\VC\Tools\MSVC\14.29.30133\bin\HostX64\x64\link.exe /ERRORREPORT:QUEUE /OUT:".\CompilerIdCXX.exe" /INCREMENTAL:NO /NOLOGO kernel32.lib user32.lib gdi32.lib winspool.lib comdlg32.lib advapi32.lib shell32.lib ole32.lib oleaut32.lib uuid.lib odbc32.lib odbccp32.lib /MANIFEST /MANIFESTUAC:"level='asInvoker' uiAccess='false'" /manifest:embed /PDB:".\CompilerIdCXX.pdb" /SUBSYSTEM:CONSOLE /TLBID:1 /DYNAMICBASE /NXCOMPAT /IMPLIB:".\CompilerIdCXX.lib" /MACHINE:X64 Debug\CMakeCXXCompilerId.obj
  CompilerIdCXX.vcxproj -> C:\Users\mateo\Documents\GMEM Project\GMU\source\build\CMakeFiles\3.24.2\CompilerIdCXX\CompilerIdCXX.exe
PostBuildEvent:
  for %%i in (cl.exe) do @echo CMAKE_CXX_COMPILER=%%~$PATH:i
  :VCEnd
  CMAKE_CXX_COMPILER=C:\Program Files (x86)\Microsoft Visual Studio\2019\Community\VC\Tools\MSVC\14.29.30133\bin\Hostx64\x64\cl.exe
FinalizeBuildStatus:
  Suppression du fichier "Debug\CompilerIdCXX.tlog\unsuccessfulbuild".
  Mise à jour de l'horodatage "Debug\CompilerIdCXX.tlog\CompilerIdCXX.lastbuildstate".
Génération du projet "C:\Users\mateo\Documents\GMEM Project\GMU\source\build\CMakeFiles\3.24.2\CompilerIdCXX\CompilerIdCXX.vcxproj" terminée (cibles par défaut).

La génération a réussi.
    0 Avertissement(s)
    0 Erreur(s)

Temps écoulé 00:00:00.59


Compilation of the CXX compiler identification source "CMakeCXXCompilerId.cpp" produced "CompilerIdCXX.exe"

Compilation of the CXX compiler identification source "CMakeCXXCompilerId.cpp" produced "CompilerIdCXX.vcxproj"

The CXX compiler identification is MSVC, found in "C:/Users/mateo/Documents/GMEM Project/GMU/source/build/CMakeFiles/3.24.2/CompilerIdCXX/CompilerIdCXX.exe"

Detecting C compiler ABI info compiled with the following output:
Change Dir: C:/Users/mateo/Documents/GMEM Project/GMU/source/build/CMakeFiles/CMakeTmp

Run Build Command(s):C:/Program Files (x86)/Microsoft Visual Studio/2019/Community/MSBuild/Current/Bin/MSBuild.exe cmTC_cef57.vcxproj /p:Configuration=Debug /p:Platform=x64 /p:VisualStudioVersion=16.0 /v:m && Microsoft (R) Build Engine version 16.11.2+f32259642 pour .NET Framework
Copyright (C) Microsoft Corporation. Tous droits réservés.

  Compilateur d'optimisation Microsoft (R) C/C++ version 19.29.30146 pour x64
  Copyright (C) Microsoft Corporation. Tous droits réservés.
  CMakeCCompilerABI.c
  cl /c /Zi /W1 /WX- /diagnostics:column /Od /Ob0 /D _MBCS /D WIN32 /D _WINDOWS /D "CMAKE_INTDIR=\"Debug\"" /Gm- /RTC1 /MDd /GS /fp:precise /Zc:wchar_t /Zc:forScope /Zc:inline /Fo"cmTC_cef57.dir\Debug\\" /Fd"cmTC_cef57.dir\Debug\vc142.pdb" /external:W1 /Gd /TC /errorReport:queue "C:\Program Files\CMake\share\cmake-3.24\Modules\CMakeCCompilerABI.c"
  cmTC_cef57.vcxproj -> C:\Users\mateo\Documents\GMEM Project\GMU\source\build\CMakeFiles\CMakeTmp\Debug\cmTC_cef57.exe



Detecting CXX compiler ABI info compiled with the following output:
Change Dir: C:/Users/mateo/Documents/GMEM Project/GMU/source/build/CMakeFiles/CMakeTmp

Run Build Command(s):C:/Program Files (x86)/Microsoft Visual Studio/2019/Community/MSBuild/Current/Bin/MSBuild.exe cmTC_77188.vcxproj /p:Configuration=Debug /p:Platform=x64 /p:VisualStudioVersion=16.0 /v:m && Microsoft (R) Build Engine version 16.11.2+f32259642 pour .NET Framework
Copyright (C) Microsoft Corporation. Tous droits réservés.

  Compilateur d'optimisation Microsoft (R) C/C++ version 19.29.30146 pour x64
  Copyright (C) Microsoft Corporation. Tous droits réservés.
  CMakeCXXCompilerABI.cpp
  cl /c /Zi /W1 /WX- /diagnostics:column /Od /Ob0 /D _MBCS /D WIN32 /D _WINDOWS /D "CMAKE_INTDIR=\"Debug\"" /Gm- /EHsc /RTC1 /MDd /GS /fp:precise /Zc:wchar_t /Zc:forScope /Zc:inline /GR /Fo"cmTC_77188.dir\Debug\\" /Fd"cmTC_77188.dir\Debug\vc142.pdb" /external:W1 /Gd /TP /errorReport:queue "C:\Program Files\CMake\share\cmake-3.24\Modules\CMakeCXXCompilerABI.cpp"
  cmTC_77188.vcxproj -> C:\Users\mateo\Documents\GMEM Project\GMU\source\build\CMakeFiles\CMakeTmp\Debug\cmTC_77188.exe



